# JRE version: Java(TM) SE Runtime Environment (8.0_101-b13) (build 1.8.0_101-b13)
# Java VM: Java HotSpot(TM) Server VM (25.101-b13 mixed mode linux-x86 )
Heap:
 PSYoungGen      total 166400K, used 13243K [0x91ac0000, 0xa3ac0000, 0xa7000000)
  eden space 109568K, 0% used [0x91ac0000,0x91ac0000,0x985c0000)
  from space 56832K, 23% used [0x9d380000,0x9e06ed68,0xa0b00000)
  to   space 79616K, 0% used [0x985c0000,0x985c0000,0x9d380000)
 ParOldGen       total 179456K, used 179254K [0x67000000, 0x71f40000, 0x91ac0000)
  object space 179456K, 99% used [0x67000000,0x71f0da60,0x71f40000)
 Metaspace       used 4092K, capacity 4134K, committed 4248K, reserved 4400K
GC Heap History (10 events):
Event: 6.501 GC heap after
Heap after GC invocations=11 (full 2):
 PSYoungGen      total 126464K, used 4821K [0x91ac0000, 0x9af80000, 0xa7000000)
  eden space 112896K, 0% used [0x91ac0000,0x91ac0000,0x98900000)
  from space 13568K, 35% used [0x98cc0000,0x99175728,0x99a00000)
  to   space 19712K, 0% used [0x99c40000,0x99c40000,0x9af80000)
 ParOldGen       total 66560K, used 38521K [0x67000000, 0x6b100000, 0x91ac0000)
  object space 66560K, 57% used [0x67000000,0x6959e768,0x6b100000)
 Metaspace       used 4008K, capacity 4038K, committed 4120K, reserved 4400K
}
Event: 7.252 GC heap before
{Heap before GC invocations=12 (full 2):
 PSYoungGen      total 126464K, used 117717K [0x91ac0000, 0x9af80000, 0xa7000000)
  eden space 112896K, 100% used [0x91ac0000,0x98900000,0x98900000)
  from space 13568K, 35% used [0x98cc0000,0x99175728,0x99a00000)
  to   space 19712K, 0% used [0x99c40000,0x99c40000,0x9af80000)
 ParOldGen       total 66560K, used 38521K [0x67000000, 0x6b100000, 0x91ac0000)
  object space 66560K, 57% used [0x67000000,0x6959e768,0x6b100000)
 Metaspace       used 4088K, capacity 4134K, committed 4248K, reserved 4400K
Event: 7.483 GC heap after
Heap after GC invocations=12 (full 2):
 PSYoungGen      total 126208K, used 19699K [0x91ac0000, 0x9d8c0000, 0xa7000000)
  eden space 106496K, 0% used [0x91ac0000,0x91ac0000,0x982c0000)
  from space 19712K, 99% used [0x99c40000,0x9af7ce48,0x9af80000)
  to   space 26112K, 0% used [0x982c0000,0x982c0000,0x99c40000)
 ParOldGen       total 66560K, used 47324K [0x67000000, 0x6b100000, 0x91ac0000)
  object space 66560K, 71% used [0x67000000,0x69e37228,0x6b100000)
 Metaspace       used 4088K, capacity 4134K, committed 4248K, reserved 4400K
}
Event: 11.234 GC heap before
{Heap before GC invocations=13 (full 2):
 PSYoungGen      total 126208K, used 126195K [0x91ac0000, 0x9d8c0000, 0xa7000000)
  eden space 106496K, 100% used [0x91ac0000,0x982c0000,0x982c0000)
  from space 19712K, 99% used [0x99c40000,0x9af7ce48,0x9af80000)
  to   space 26112K, 0% used [0x982c0000,0x982c0000,0x99c40000)
 ParOldGen       total 66560K, used 47324K [0x67000000, 0x6b100000, 0x91ac0000)
  object space 66560K, 71% used [0x67000000,0x69e37228,0x6b100000)
 Metaspace       used 4088K, capacity 4134K, committed 4248K, reserved 4400K
Event: 11.500 GC heap after
Heap after GC invocations=13 (full 2):
 PSYoungGen      total 132608K, used 26098K [0x91ac0000, 0xa0b00000, 0xa7000000)
  eden space 106496K, 0% used [0x91ac0000,0x91ac0000,0x982c0000)
  from space 26112K, 99% used [0x982c0000,0x99c3cbc0,0x99c40000)
  to   space 56832K, 0% used [0x9d380000,0x9d380000,0xa0b00000)
 ParOldGen       total 118528K, used 118524K [0x67000000, 0x6e3c0000, 0x91ac0000)
  object space 118528K, 99% used [0x67000000,0x6e3bf300,0x6e3c0000)
 Metaspace       used 4088K, capacity 4134K, committed 4248K, reserved 4400K
}
Event: 11.500 GC heap before
{Heap before GC invocations=14 (full 3):
 PSYoungGen      total 132608K, used 26098K [0x91ac0000, 0xa0b00000, 0xa7000000)
  eden space 106496K, 0% used [0x91ac0000,0x91ac0000,0x982c0000)
  from space 26112K, 99% used [0x982c0000,0x99c3cbc0,0x99c40000)
  to   space 56832K, 0% used [0x9d380000,0x9d380000,0xa0b00000)
 ParOldGen       total 118528K, used 118524K [0x67000000, 0x6e3c0000, 0x91ac0000)
  object space 118528K, 99% used [0x67000000,0x6e3bf300,0x6e3c0000)
 Metaspace       used 4088K, capacity 4134K, committed 4248K, reserved 4400K
Event: 12.811 GC heap after
Heap after GC invocations=14 (full 3):
 PSYoungGen      total 132608K, used 9385K [0x91ac0000, 0xa0b00000, 0xa7000000)
  eden space 106496K, 0% used [0x91ac0000,0x91ac0000,0x982c0000)
  from space 26112K, 35% used [0x982c0000,0x98bea728,0x99c40000)
  to   space 56832K, 0% used [0x9d380000,0x9d380000,0xa0b00000)
 ParOldGen       total 179456K, used 118379K [0x67000000, 0x71f40000, 0x91ac0000)
  object space 179456K, 65% used [0x67000000,0x6e39ae58,0x71f40000)
 Metaspace       used 4088K, capacity 4134K, committed 4248K, reserved 4400K
}
Event: 12.953 GC heap before
{Heap before GC invocations=15 (full 3):
 PSYoungGen      total 132608K, used 115881K [0x91ac0000, 0xa0b00000, 0xa7000000)
  eden space 106496K, 100% used [0x91ac0000,0x982c0000,0x982c0000)
  from space 26112K, 35% used [0x982c0000,0x98bea728,0x99c40000)
  to   space 56832K, 0% used [0x9d380000,0x9d380000,0xa0b00000)
 ParOldGen       total 179456K, used 118379K [0x67000000, 0x71f40000, 0x91ac0000)
  object space 179456K, 65% used [0x67000000,0x6e39ae58,0x71f40000)
 Metaspace       used 4092K, capacity 4134K, committed 4248K, reserved 4400K
Event: 13.476 GC heap after
Heap after GC invocations=15 (full 3):
 PSYoungGen      total 166400K, used 56820K [0x91ac0000, 0xa3ac0000, 0xa7000000)
  eden space 109568K, 0% used [0x91ac0000,0x91ac0000,0x985c0000)
  from space 56832K, 99% used [0x9d380000,0xa0afd2f0,0xa0b00000)
  to   space 79616K, 0% used [0x985c0000,0x985c0000,0x9d380000)
 ParOldGen       total 179456K, used 151973K [0x67000000, 0x71f40000, 0x91ac0000)
  object space 179456K, 84% used [0x67000000,0x70469760,0x71f40000)
 Metaspace       used 4092K, capacity 4134K, committed 4248K, reserved 4400K
}
Event: 13.476 GC heap before
{Heap before GC invocations=16 (full 4):
 PSYoungGen      total 166400K, used 56820K [0x91ac0000, 0xa3ac0000, 0xa7000000)
  eden space 109568K, 0% used [0x91ac0000,0x91ac0000,0x985c0000)
  from space 56832K, 99% used [0x9d380000,0xa0afd2f0,0xa0b00000)
  to   space 79616K, 0% used [0x985c0000,0x985c0000,0x9d380000)
 ParOldGen       total 179456K, used 151973K [0x67000000, 0x71f40000, 0x91ac0000)
  object space 179456K, 84% used [0x67000000,0x70469760,0x71f40000)
 Metaspace       used 4092K, capacity 4134K, committed 4248K, reserved 4400K

